# JRE version: Java(TM) SE Runtime Environment (8.0_91-b15) (build 1.8.0_91-b15)
# Java VM: Java HotSpot(TM) 64-Bit Server VM (25.91-b15 mixed mode windows-amd64 compressed oops)
Heap:
 PSYoungGen      total 302080K, used 158283K [0x000000076b000000, 0x0000000784000000, 0x00000007c0000000)
  eden space 279040K, 48% used [0x000000076b000000,0x000000077341a718,0x000000077c080000)
  from space 23040K, 99% used [0x000000077c080000,0x000000077d6f87d0,0x000000077d700000)
  to   space 28160K, 0% used [0x0000000782480000,0x0000000782480000,0x0000000784000000)
 ParOldGen       total 152064K, used 30274K [0x00000006c1000000, 0x00000006ca480000, 0x000000076b000000)
  object space 152064K, 19% used [0x00000006c1000000,0x00000006c2d90b20,0x00000006ca480000)
 Metaspace       used 50335K, capacity 52058K, committed 52224K, reserved 1093632K
  class space    used 6864K, capacity 7572K, committed 7680K, reserved 1048576K
GC Heap History (10 events):
Event: 13.531 GC heap before
{Heap before GC invocations=7 (full 1):
 PSYoungGen      total 133632K, used 124264K [0x000000076b000000, 0x0000000777880000, 0x00000007c0000000)
  eden space 122880K, 100% used [0x000000076b000000,0x0000000772800000,0x0000000772800000)
  from space 10752K, 12% used [0x0000000772800000,0x000000077295a0e0,0x0000000773280000)
  to   space 15872K, 0% used [0x0000000776900000,0x0000000776900000,0x0000000777880000)
 ParOldGen       total 99840K, used 9028K [0x00000006c1000000, 0x00000006c7180000, 0x000000076b000000)
  object space 99840K, 9% used [0x00000006c1000000,0x00000006c18d10c8,0x00000006c7180000)
 Metaspace       used 28299K, capacity 28958K, committed 29056K, reserved 1075200K
  class space    used 3744K, capacity 3958K, committed 3968K, reserved 1048576K
Event: 13.537 GC heap after
Heap after GC invocations=7 (full 1):
 PSYoungGen      total 189952K, used 8175K [0x000000076b000000, 0x0000000778c80000, 0x00000007c0000000)
  eden space 174080K, 0% used [0x000000076b000000,0x000000076b000000,0x0000000775a00000)
  from space 15872K, 51% used [0x0000000776900000,0x00000007770fbf88,0x0000000777880000)
  to   space 15360K, 0% used [0x0000000775a00000,0x0000000775a00000,0x0000000776900000)
 ParOldGen       total 99840K, used 9100K [0x00000006c1000000, 0x00000006c7180000, 0x000000076b000000)
  object space 99840K, 9% used [0x00000006c1000000,0x00000006c18e30d8,0x00000006c7180000)
 Metaspace       used 28299K, capacity 28958K, committed 29056K, reserved 1075200K
  class space    used 3744K, capacity 3958K, committed 3968K, reserved 1048576K
}
Event: 14.374 GC heap before
{Heap before GC invocations=8 (full 1):
 PSYoungGen      total 189952K, used 115226K [0x000000076b000000, 0x0000000778c80000, 0x00000007c0000000)
  eden space 174080K, 61% used [0x000000076b000000,0x000000077188a968,0x0000000775a00000)
  from space 15872K, 51% used [0x0000000776900000,0x00000007770fbf88,0x0000000777880000)
  to   space 15360K, 0% used [0x0000000775a00000,0x0000000775a00000,0x0000000776900000)
 ParOldGen       total 99840K, used 9100K [0x00000006c1000000, 0x00000006c7180000, 0x000000076b000000)
  object space 99840K, 9% used [0x00000006c1000000,0x00000006c18e30d8,0x00000006c7180000)
 Metaspace       used 34327K, capacity 35340K, committed 35416K, reserved 1079296K
  class space    used 4666K, capacity 5050K, committed 5120K, reserved 1048576K
Event: 14.397 GC heap after
Heap after GC invocations=8 (full 1):
 PSYoungGen      total 189440K, used 15332K [0x000000076b000000, 0x000000077ed80000, 0x00000007c0000000)
  eden space 174080K, 0% used [0x000000076b000000,0x000000076b000000,0x0000000775a00000)
  from space 15360K, 99% used [0x0000000775a00000,0x00000007768f92d8,0x0000000776900000)
  to   space 18944K, 0% used [0x000000077db00000,0x000000077db00000,0x000000077ed80000)
 ParOldGen       total 99840K, used 10910K [0x00000006c1000000, 0x00000006c7180000, 0x000000076b000000)
  object space 99840K, 10% used [0x00000006c1000000,0x00000006c1aa7bf8,0x00000006c7180000)
 Metaspace       used 34327K, capacity 35340K, committed 35416K, reserved 1079296K
  class space    used 4666K, capacity 5050K, committed 5120K, reserved 1048576K
}
Event: 14.397 GC heap before
{Heap before GC invocations=9 (full 2):
 PSYoungGen      total 189440K, used 15332K [0x000000076b000000, 0x000000077ed80000, 0x00000007c0000000)
  eden space 174080K, 0% used [0x000000076b000000,0x000000076b000000,0x0000000775a00000)
  from space 15360K, 99% used [0x0000000775a00000,0x00000007768f92d8,0x0000000776900000)
  to   space 18944K, 0% used [0x000000077db00000,0x000000077db00000,0x000000077ed80000)
 ParOldGen       total 99840K, used 10910K [0x00000006c1000000, 0x00000006c7180000, 0x000000076b000000)
  object space 99840K, 10% used [0x00000006c1000000,0x00000006c1aa7bf8,0x00000006c7180000)
 Metaspace       used 34327K, capacity 35340K, committed 35416K, reserved 1079296K
  class space    used 4666K, capacity 5050K, committed 5120K, reserved 1048576K
Event: 14.455 GC heap after
Heap after GC invocations=9 (full 2):
 PSYoungGen      total 189440K, used 0K [0x000000076b000000, 0x000000077ed80000, 0x00000007c0000000)
  eden space 174080K, 0% used [0x000000076b000000,0x000000076b000000,0x0000000775a00000)
  from space 15360K, 0% used [0x0000000775a00000,0x0000000775a00000,0x0000000776900000)
  to   space 18944K, 0% used [0x000000077db00000,0x000000077db00000,0x000000077ed80000)
 ParOldGen       total 152064K, used 24879K [0x00000006c1000000, 0x00000006ca480000, 0x000000076b000000)
  object space 152064K, 16% used [0x00000006c1000000,0x00000006c284bc80,0x00000006ca480000)
 Metaspace       used 34268K, capacity 35112K, committed 35416K, reserved 1079296K
  class space    used 4652K, capacity 4982K, committed 5120K, reserved 1048576K
}
Event: 17.566 GC heap before
{Heap before GC invocations=10 (full 2):
 PSYoungGen      total 189440K, used 174080K [0x000000076b000000, 0x000000077ed80000, 0x00000007c0000000)
  eden space 174080K, 100% used [0x000000076b000000,0x0000000775a00000,0x0000000775a00000)
  from space 15360K, 0% used [0x0000000775a00000,0x0000000775a00000,0x0000000776900000)
  to   space 18944K, 0% used [0x000000077db00000,0x000000077db00000,0x000000077ed80000)
 ParOldGen       total 152064K, used 24879K [0x00000006c1000000, 0x00000006ca480000, 0x000000076b000000)
  object space 152064K, 16% used [0x00000006c1000000,0x00000006c284bc80,0x00000006ca480000)
 Metaspace       used 39627K, capacity 40630K, committed 40704K, reserved 1083392K
  class space    used 5407K, capacity 5831K, committed 5888K, reserved 1048576K
Event: 17.591 GC heap after
Heap after GC invocations=10 (full 2):
 PSYoungGen      total 290816K, used 18913K [0x000000076b000000, 0x000000077ed80000, 0x00000007c0000000)
  eden space 271872K, 0% used [0x000000076b000000,0x000000076b000000,0x000000077b980000)
  from space 18944K, 99% used [0x000000077db00000,0x000000077ed787d0,0x000000077ed80000)
  to   space 23040K, 0% used [0x000000077c080000,0x000000077c080000,0x000000077d700000)
 ParOldGen       total 152064K, used 26867K [0x00000006c1000000, 0x00000006ca480000, 0x000000076b000000)
  object space 152064K, 17% used [0x00000006c1000000,0x00000006c2a3cd20,0x00000006ca480000)
 Metaspace       used 39627K, capacity 40630K, committed 40704K, reserved 1083392K
  class space    used 5407K, capacity 5831K, committed 5888K, reserved 1048576K
}
Event: 30.599 GC heap before
{Heap before GC invocations=11 (full 2):
 PSYoungGen      total 290816K, used 290785K [0x000000076b000000, 0x000000077ed80000, 0x00000007c0000000)
  eden space 271872K, 100% used [0x000000076b000000,0x000000077b980000,0x000000077b980000)
  from space 18944K, 99% used [0x000000077db00000,0x000000077ed787d0,0x000000077ed80000)
  to   space 23040K, 0% used [0x000000077c080000,0x000000077c080000,0x000000077d700000)
 ParOldGen       total 152064K, used 26867K [0x00000006c1000000, 0x00000006ca480000, 0x000000076b000000)
  object space 152064K, 17% used [0x00000006c1000000,0x00000006c2a3cd20,0x00000006ca480000)
 Metaspace       used 44309K, capacity 45660K, committed 45824K, reserved 1089536K
  class space    used 6081K, capacity 6643K, committed 6656K, reserved 1048576K
Event: 30.614 GC heap after
Heap after GC invocations=11 (full 2):
 PSYoungGen      total 302080K, used 23009K [0x000000076b000000, 0x0000000784000000, 0x00000007c0000000)
  eden space 279040K, 0% used [0x000000076b000000,0x000000076b000000,0x000000077c080000)
  from space 23040K, 99% used [0x000000077c080000,0x000000077d6f87d0,0x000000077d700000)
  to   space 28160K, 0% used [0x0000000782480000,0x0000000782480000,0x0000000784000000)
 ParOldGen       total 152064K, used 30274K [0x00000006c1000000, 0x00000006ca480000, 0x000000076b000000)
  object space 152064K, 19% used [0x00000006c1000000,0x00000006c2d90b20,0x00000006ca480000)
 Metaspace       used 44309K, capacity 45660K, committed 45824K, reserved 1089536K
  class space    used 6081K, capacity 6643K, committed 6656K, reserved 1048576K
}

